2025-09-21 17:31:46,500 - pipeline_warby_parker_20250921_173146 - INFO - Starting Competitor Discovery
2025-09-21 17:31:51,029 - pipeline_warby_parker_20250921_173146 - INFO - Completed Competitor Discovery in 4.5s
2025-09-21 17:31:51,029 - pipeline_warby_parker_20250921_173146 - INFO - Starting AI Competitor Curation
2025-09-21 17:33:38,104 - pipeline_warby_parker_20250921_173146 - INFO - Completed AI Competitor Curation in 107.1s
2025-09-21 17:33:38,106 - pipeline_warby_parker_20250921_173146 - INFO - Starting Meta Ad Activity Ranking
2025-09-21 17:34:10,577 - pipeline_warby_parker_20250921_173146 - INFO - Completed Meta Ad Activity Ranking in 32.5s
2025-09-21 17:34:10,579 - pipeline_warby_parker_20250921_173146 - INFO - Starting Meta Ads Ingestion
2025-09-21 17:40:34,367 - pipeline_warby_parker_20250921_173146 - INFO - Completed Meta Ads Ingestion in 383.8s
2025-09-21 17:40:34,367 - pipeline_warby_parker_20250921_173146 - INFO - Starting Strategic Labeling
2025-09-21 17:40:38,326 - pipeline_warby_parker_20250921_173146 - INFO - Completed Strategic Labeling in 4.0s
2025-09-21 17:40:38,326 - pipeline_warby_parker_20250921_173146 - INFO - Starting Embeddings Generation
2025-09-21 17:40:47,494 - pipeline_warby_parker_20250921_173146 - INFO - Completed Embeddings Generation in 9.2s
2025-09-21 17:40:47,494 - pipeline_warby_parker_20250921_173146 - INFO - Starting Visual Intelligence
2025-09-21 17:40:53,712 - pipeline_warby_parker_20250921_173146 - INFO - Completed Visual Intelligence in 6.2s
2025-09-21 17:40:53,712 - pipeline_warby_parker_20250921_173146 - INFO - Starting Strategic Analysis
2025-09-21 17:42:00,708 - pipeline_warby_parker_20250921_173146 - INFO - Completed Strategic Analysis in 67.0s
2025-09-21 17:42:00,708 - pipeline_warby_parker_20250921_173146 - INFO - Starting Multi-Dimensional Intelligence
2025-09-21 17:42:00,708 - pipeline_warby_parker_20250921_173146 - INFO - 🚀 Starting Comprehensive Intelligence Analysis - CTA, Audience, Creative & Channel
2025-09-21 17:42:00,709 - pipeline_warby_parker_20250921_173146 - INFO - 🎯 Analyzing 5 brands (from orchestrator)
2025-09-21 17:42:00,709 - pipeline_warby_parker_20250921_173146 - INFO - 👥 Executing Audience Intelligence Analysis...
2025-09-21 17:42:06,136 - pipeline_warby_parker_20250921_173146 - INFO - 🎨 Executing Creative Intelligence Analysis...
2025-09-21 17:42:25,113 - pipeline_warby_parker_20250921_173146 - INFO - 📡 Executing Channel Intelligence Analysis...
2025-09-21 17:42:30,799 - pipeline_warby_parker_20250921_173146 - INFO - 🎨 Extracting Visual Intelligence Metrics...
2025-09-21 17:42:33,168 - pipeline_warby_parker_20250921_173146 - ERROR - Visual intelligence metrics extraction failed: boolean value of NA is ambiguous
2025-09-21 17:42:33,168 - pipeline_warby_parker_20250921_173146 - INFO - 🎯 Executing White Space Intelligence Analysis...
2025-09-21 17:42:33,171 - pipeline_warby_parker_20250921_173146 - INFO - 🎯 Executing hybrid whitespace analysis (full dataset + campaign intelligence)...
2025-09-21 17:42:36,512 - pipeline_warby_parker_20250921_173146 - INFO - ✅ Using Hybrid whitespace detector with campaign intelligence
2025-09-21 17:42:36,512 - pipeline_warby_parker_20250921_173146 - INFO - 📊 Found 0 opportunities (0 campaign-ready)
2025-09-21 17:42:36,512 - pipeline_warby_parker_20250921_173146 - INFO - ✅ Analysis completed in 3.3s - EXCELLENT
2025-09-21 17:42:36,512 - pipeline_warby_parker_20250921_173146 - INFO - 📊 Generating Comprehensive Intelligence Summary...
2025-09-21 17:42:39,990 - pipeline_warby_parker_20250921_173146 - INFO - ✅ Intelligence Analysis completed - 99.2% data completeness
2025-09-21 17:42:39,991 - pipeline_warby_parker_20250921_173146 - INFO - Completed Multi-Dimensional Intelligence in 39.3s
2025-09-21 17:42:39,991 - pipeline_warby_parker_20250921_173146 - INFO - Starting Enhanced Intelligence Output
2025-09-21 17:42:39,991 - pipeline_warby_parker_20250921_173146 - ERROR - Enhanced Intelligence Output failed: name 'creative_data' is not defined
2025-09-21 17:42:39,991 - pipeline_warby_parker_20250921_173146 - ERROR - Pipeline failed: Enhanced Intelligence Output failed: name 'creative_data' is not defined
