2025-09-17 11:41:43,101 - pipeline_warby_parker_20250917_114143 - INFO - Starting Competitor Discovery
2025-09-17 11:41:50,264 - pipeline_warby_parker_20250917_114143 - INFO - Completed Competitor Discovery in 7.2s
2025-09-17 11:41:50,264 - pipeline_warby_parker_20250917_114143 - INFO - Starting AI Competitor Curation
2025-09-17 11:43:35,661 - pipeline_warby_parker_20250917_114143 - INFO - Completed AI Competitor Curation in 105.4s
2025-09-17 11:43:35,662 - pipeline_warby_parker_20250917_114143 - INFO - Starting Meta Ad Activity Ranking
2025-09-17 11:44:03,423 - pipeline_warby_parker_20250917_114143 - INFO - Completed Meta Ad Activity Ranking in 27.8s
2025-09-17 11:44:03,423 - pipeline_warby_parker_20250917_114143 - INFO - Starting Meta Ads Ingestion
2025-09-17 11:45:03,890 - pipeline_warby_parker_20250917_114143 - INFO - Completed Meta Ads Ingestion in 60.5s
2025-09-17 11:45:03,891 - pipeline_warby_parker_20250917_114143 - INFO - Starting Strategic Labeling
2025-09-17 11:47:30,095 - pipeline_warby_parker_20250917_114143 - INFO - Completed Strategic Labeling in 146.2s
2025-09-17 11:47:30,095 - pipeline_warby_parker_20250917_114143 - INFO - Starting Embeddings Generation
2025-09-17 11:47:40,385 - pipeline_warby_parker_20250917_114143 - INFO - Completed Embeddings Generation in 10.3s
2025-09-17 11:47:40,386 - pipeline_warby_parker_20250917_114143 - INFO - Starting Visual Intelligence
2025-09-17 11:48:25,984 - pipeline_warby_parker_20250917_114143 - INFO - Completed Visual Intelligence in 45.6s
2025-09-17 11:48:25,984 - pipeline_warby_parker_20250917_114143 - INFO - Starting Strategic Analysis
2025-09-17 11:48:49,136 - pipeline_warby_parker_20250917_114143 - INFO - Completed Strategic Analysis in 23.2s
2025-09-17 11:48:49,136 - pipeline_warby_parker_20250917_114143 - INFO - Starting Multi-Dimensional Intelligence
2025-09-17 11:48:49,136 - pipeline_warby_parker_20250917_114143 - INFO - 🚀 Starting Comprehensive Intelligence Analysis - CTA, Audience, Creative & Channel
2025-09-17 11:48:49,136 - pipeline_warby_parker_20250917_114143 - INFO - 🎯 Analyzing 5 brands (from orchestrator)
2025-09-17 11:48:49,136 - pipeline_warby_parker_20250917_114143 - INFO - 👥 Executing Audience Intelligence Analysis...
2025-09-17 11:48:54,227 - pipeline_warby_parker_20250917_114143 - INFO - 🎨 Executing Creative Intelligence Analysis...
2025-09-17 11:48:59,678 - pipeline_warby_parker_20250917_114143 - INFO - 📡 Executing Channel Intelligence Analysis...
2025-09-17 11:49:05,724 - pipeline_warby_parker_20250917_114143 - INFO - 🎯 Executing White Space Intelligence Analysis...
2025-09-17 11:49:05,739 - pipeline_warby_parker_20250917_114143 - INFO - 🎯 Executing hybrid whitespace analysis (full dataset + campaign intelligence)...
2025-09-17 11:49:19,900 - pipeline_warby_parker_20250917_114143 - INFO - ✅ Using Hybrid whitespace detector with campaign intelligence
2025-09-17 11:49:19,901 - pipeline_warby_parker_20250917_114143 - INFO - 📊 Found 7 opportunities (7 campaign-ready)
2025-09-17 11:49:19,901 - pipeline_warby_parker_20250917_114143 - INFO - ✅ Analysis completed in 14.2s - EXCELLENT
2025-09-17 11:49:19,901 - pipeline_warby_parker_20250917_114143 - INFO - 📊 Generating Comprehensive Intelligence Summary...
2025-09-17 11:49:23,526 - pipeline_warby_parker_20250917_114143 - INFO - ✅ Intelligence Analysis completed - 94.1% data completeness
2025-09-17 11:49:23,527 - pipeline_warby_parker_20250917_114143 - INFO - Completed Multi-Dimensional Intelligence in 34.4s
2025-09-17 11:49:23,527 - pipeline_warby_parker_20250917_114143 - INFO - Starting Enhanced Intelligence Output
2025-09-17 11:49:23,545 - pipeline_warby_parker_20250917_114143 - INFO - Completed Enhanced Intelligence Output in 0.0s
