2025-09-17 00:36:04,159 - pipeline_warby_parker_20250917_003604 - INFO - Starting Competitor Discovery
2025-09-17 00:36:08,086 - pipeline_warby_parker_20250917_003604 - INFO - Completed Competitor Discovery in 3.9s
2025-09-17 00:36:08,086 - pipeline_warby_parker_20250917_003604 - INFO - Starting AI Competitor Curation
2025-09-17 00:38:23,247 - pipeline_warby_parker_20250917_003604 - INFO - Completed AI Competitor Curation in 135.2s
2025-09-17 00:38:23,247 - pipeline_warby_parker_20250917_003604 - INFO - Starting Meta Ad Activity Ranking
2025-09-17 00:38:38,932 - pipeline_warby_parker_20250917_003604 - INFO - Completed Meta Ad Activity Ranking in 15.7s
2025-09-17 00:38:38,933 - pipeline_warby_parker_20250917_003604 - INFO - Starting Meta Ads Ingestion
2025-09-17 00:39:38,629 - pipeline_warby_parker_20250917_003604 - INFO - Completed Meta Ads Ingestion in 59.7s
2025-09-17 00:39:38,629 - pipeline_warby_parker_20250917_003604 - INFO - Starting Strategic Labeling
2025-09-17 00:42:10,987 - pipeline_warby_parker_20250917_003604 - INFO - Completed Strategic Labeling in 152.4s
2025-09-17 00:42:10,988 - pipeline_warby_parker_20250917_003604 - INFO - Starting Embeddings Generation
2025-09-17 00:42:17,740 - pipeline_warby_parker_20250917_003604 - INFO - Completed Embeddings Generation in 6.8s
2025-09-17 00:42:17,740 - pipeline_warby_parker_20250917_003604 - INFO - Starting Visual Intelligence
2025-09-17 00:43:02,822 - pipeline_warby_parker_20250917_003604 - INFO - Completed Visual Intelligence in 45.1s
2025-09-17 00:43:02,822 - pipeline_warby_parker_20250917_003604 - INFO - Starting Strategic Analysis
2025-09-17 00:43:21,755 - pipeline_warby_parker_20250917_003604 - INFO - Completed Strategic Analysis in 18.9s
2025-09-17 00:43:21,755 - pipeline_warby_parker_20250917_003604 - INFO - Starting Multi-Dimensional Intelligence
2025-09-17 00:43:21,755 - pipeline_warby_parker_20250917_003604 - INFO - 🚀 Starting Comprehensive Intelligence Analysis - CTA, Audience, Creative & Channel
2025-09-17 00:43:21,755 - pipeline_warby_parker_20250917_003604 - INFO - 🎯 Analyzing 5 brands (from orchestrator)
2025-09-17 00:43:21,755 - pipeline_warby_parker_20250917_003604 - INFO - 👥 Executing Audience Intelligence Analysis...
2025-09-17 00:43:24,151 - pipeline_warby_parker_20250917_003604 - INFO - 🎨 Executing Creative Intelligence Analysis...
2025-09-17 00:43:26,316 - pipeline_warby_parker_20250917_003604 - INFO - 📡 Executing Channel Intelligence Analysis...
2025-09-17 00:43:29,382 - pipeline_warby_parker_20250917_003604 - INFO - 🎯 Executing White Space Intelligence Analysis...
2025-09-17 00:43:29,405 - pipeline_warby_parker_20250917_003604 - INFO - 🎯 Executing hybrid whitespace analysis (full dataset + campaign intelligence)...
2025-09-17 00:43:41,559 - pipeline_warby_parker_20250917_003604 - INFO - ✅ Using Hybrid whitespace detector with campaign intelligence
2025-09-17 00:43:41,559 - pipeline_warby_parker_20250917_003604 - INFO - 📊 Found 6 opportunities (6 campaign-ready)
2025-09-17 00:43:41,559 - pipeline_warby_parker_20250917_003604 - INFO - ✅ Analysis completed in 12.2s - EXCELLENT
2025-09-17 00:43:41,559 - pipeline_warby_parker_20250917_003604 - INFO - 📊 Generating Comprehensive Intelligence Summary...
2025-09-17 00:43:45,072 - pipeline_warby_parker_20250917_003604 - INFO - ✅ Intelligence Analysis completed - 94.0% data completeness
2025-09-17 00:43:45,072 - pipeline_warby_parker_20250917_003604 - INFO - Completed Multi-Dimensional Intelligence in 23.3s
2025-09-17 00:43:45,072 - pipeline_warby_parker_20250917_003604 - INFO - Starting Enhanced Intelligence Output
2025-09-17 00:43:45,079 - pipeline_warby_parker_20250917_003604 - INFO - Completed Enhanced Intelligence Output in 0.0s
