2025-09-17 15:31:43,369 - pipeline_warby_parker_20250917_153143 - INFO - Starting Competitor Discovery
2025-09-17 15:31:47,544 - pipeline_warby_parker_20250917_153143 - INFO - Completed Competitor Discovery in 4.2s
2025-09-17 15:31:47,544 - pipeline_warby_parker_20250917_153143 - INFO - Starting AI Competitor Curation
2025-09-17 15:33:21,231 - pipeline_warby_parker_20250917_153143 - INFO - Completed AI Competitor Curation in 93.7s
2025-09-17 15:33:21,233 - pipeline_warby_parker_20250917_153143 - INFO - Starting Meta Ad Activity Ranking
2025-09-17 15:33:38,829 - pipeline_warby_parker_20250917_153143 - INFO - Completed Meta Ad Activity Ranking in 17.6s
2025-09-17 15:33:38,829 - pipeline_warby_parker_20250917_153143 - INFO - Starting Meta Ads Ingestion
2025-09-17 15:34:39,408 - pipeline_warby_parker_20250917_153143 - INFO - Completed Meta Ads Ingestion in 60.6s
2025-09-17 15:34:39,409 - pipeline_warby_parker_20250917_153143 - INFO - Starting Strategic Labeling
2025-09-17 15:37:04,229 - pipeline_warby_parker_20250917_153143 - INFO - Completed Strategic Labeling in 144.8s
2025-09-17 15:37:04,230 - pipeline_warby_parker_20250917_153143 - INFO - Starting Embeddings Generation
2025-09-17 15:37:13,126 - pipeline_warby_parker_20250917_153143 - INFO - Completed Embeddings Generation in 8.9s
2025-09-17 15:37:13,128 - pipeline_warby_parker_20250917_153143 - INFO - Starting Visual Intelligence
2025-09-17 15:38:01,055 - pipeline_warby_parker_20250917_153143 - INFO - Completed Visual Intelligence in 47.9s
2025-09-17 15:38:01,058 - pipeline_warby_parker_20250917_153143 - INFO - Starting Strategic Analysis
2025-09-17 15:38:25,541 - pipeline_warby_parker_20250917_153143 - INFO - Completed Strategic Analysis in 24.5s
2025-09-17 15:38:25,542 - pipeline_warby_parker_20250917_153143 - INFO - Starting Multi-Dimensional Intelligence
2025-09-17 15:38:25,542 - pipeline_warby_parker_20250917_153143 - INFO - 🚀 Starting Comprehensive Intelligence Analysis - CTA, Audience, Creative & Channel
2025-09-17 15:38:25,542 - pipeline_warby_parker_20250917_153143 - INFO - 🎯 Analyzing 5 brands (from orchestrator)
2025-09-17 15:38:25,542 - pipeline_warby_parker_20250917_153143 - INFO - 👥 Executing Audience Intelligence Analysis...
2025-09-17 15:38:30,196 - pipeline_warby_parker_20250917_153143 - INFO - 🎨 Executing Creative Intelligence Analysis...
2025-09-17 15:38:31,190 - pipeline_warby_parker_20250917_153143 - ERROR - Creative Intelligence analysis failed: 400 Name result not found inside ai_sentiment_analysis at [118:72]; reason: invalidQuery, location: query, message: Name result not found inside ai_sentiment_analysis at [118:72]

Location: US
Job ID: f98e05e4-3790-4b0d-bdc1-4d6e2f26d552

2025-09-17 15:38:31,190 - pipeline_warby_parker_20250917_153143 - INFO - 📡 Executing Channel Intelligence Analysis...
2025-09-17 15:38:36,887 - pipeline_warby_parker_20250917_153143 - INFO - 🎨 Extracting Visual Intelligence Metrics...
2025-09-17 15:38:39,825 - pipeline_warby_parker_20250917_153143 - ERROR - Visual intelligence metrics extraction failed: The truth value of a DataFrame is ambiguous. Use a.empty, a.bool(), a.item(), a.any() or a.all().
2025-09-17 15:38:39,825 - pipeline_warby_parker_20250917_153143 - INFO - 🎯 Executing White Space Intelligence Analysis...
2025-09-17 15:38:39,843 - pipeline_warby_parker_20250917_153143 - INFO - 🎯 Executing hybrid whitespace analysis (full dataset + campaign intelligence)...
2025-09-17 15:38:53,261 - pipeline_warby_parker_20250917_153143 - INFO - ✅ Using Hybrid whitespace detector with campaign intelligence
2025-09-17 15:38:53,261 - pipeline_warby_parker_20250917_153143 - INFO - 📊 Found 3 opportunities (3 campaign-ready)
2025-09-17 15:38:53,261 - pipeline_warby_parker_20250917_153143 - INFO - ✅ Analysis completed in 13.4s - EXCELLENT
2025-09-17 15:38:53,262 - pipeline_warby_parker_20250917_153143 - INFO - 📊 Generating Comprehensive Intelligence Summary...
2025-09-17 15:38:56,817 - pipeline_warby_parker_20250917_153143 - INFO - ✅ Intelligence Analysis completed - 94.0% data completeness
2025-09-17 15:38:56,820 - pipeline_warby_parker_20250917_153143 - INFO - Completed Multi-Dimensional Intelligence in 31.3s
2025-09-17 15:38:56,820 - pipeline_warby_parker_20250917_153143 - INFO - Starting Enhanced Intelligence Output
2025-09-17 15:38:56,842 - pipeline_warby_parker_20250917_153143 - INFO - Completed Enhanced Intelligence Output in 0.0s
