2025-09-13 15:12:32,499 - pipeline_warby_parker_20250913_151232 - INFO - Starting Competitor Discovery
2025-09-13 15:12:36,784 - pipeline_warby_parker_20250913_151232 - INFO - Completed Competitor Discovery in 4.3s
2025-09-13 15:12:36,785 - pipeline_warby_parker_20250913_151232 - INFO - Starting AI Competitor Curation
2025-09-13 15:14:07,116 - pipeline_warby_parker_20250913_151232 - INFO - Completed AI Competitor Curation in 90.3s
2025-09-13 15:14:07,117 - pipeline_warby_parker_20250913_151232 - INFO - Starting Meta Ad Activity Ranking
2025-09-13 15:14:25,855 - pipeline_warby_parker_20250913_151232 - INFO - Completed Meta Ad Activity Ranking in 18.7s
2025-09-13 15:14:25,855 - pipeline_warby_parker_20250913_151232 - INFO - Starting Meta Ads Ingestion
2025-09-13 15:14:43,453 - pipeline_warby_parker_20250913_151232 - INFO - Completed Meta Ads Ingestion in 17.6s
2025-09-13 15:14:43,453 - pipeline_warby_parker_20250913_151232 - INFO - Starting Strategic Labeling
2025-09-13 15:15:09,518 - pipeline_warby_parker_20250913_151232 - INFO - Completed Strategic Labeling in 26.1s
2025-09-13 15:15:09,519 - pipeline_warby_parker_20250913_151232 - INFO - Starting Embeddings Generation
2025-09-13 15:15:17,713 - pipeline_warby_parker_20250913_151232 - INFO - Completed Embeddings Generation in 8.2s
2025-09-13 15:15:17,714 - pipeline_warby_parker_20250913_151232 - INFO - Starting Strategic Analysis
2025-09-13 15:15:34,281 - pipeline_warby_parker_20250913_151232 - INFO - Completed Strategic Analysis in 16.6s
2025-09-13 15:15:34,282 - pipeline_warby_parker_20250913_151232 - INFO - Starting Multi-Dimensional Intelligence
2025-09-13 15:15:34,282 - pipeline_warby_parker_20250913_151232 - INFO - 🚀 Starting Phase 8 Intelligence Analysis - Creative + Channel + Audience
2025-09-13 15:15:34,282 - pipeline_warby_parker_20250913_151232 - INFO - 🚀 Phase 8 Intelligence Analysis starting for 5 brands (from orchestrator)
2025-09-13 15:15:34,282 - pipeline_warby_parker_20250913_151232 - INFO - 🎨 Executing Creative Intelligence Analysis...
2025-09-13 15:15:39,949 - pipeline_warby_parker_20250913_151232 - INFO - 📺 Executing Channel Performance Analysis...
2025-09-13 15:19:28,853 - pipeline_warby_parker_20250913_151232 - INFO - 👥 Audience Intelligence Analysis (placeholder for future implementation)...
2025-09-13 15:19:28,855 - pipeline_warby_parker_20250913_151232 - INFO -    📋 Audience Intelligence module not yet implemented - returning placeholder
2025-09-13 15:19:28,855 - pipeline_warby_parker_20250913_151232 - INFO - 🎯 Enhanced CTA Analysis (placeholder for future implementation)...
2025-09-13 15:19:28,855 - pipeline_warby_parker_20250913_151232 - INFO -    📋 Enhanced CTA Analysis module not yet implemented - returning placeholder
2025-09-13 15:19:28,855 - pipeline_warby_parker_20250913_151232 - INFO - 📊 Generating Phase 8 Intelligence Summary...
2025-09-13 15:19:29,907 - pipeline_warby_parker_20250913_151232 - INFO - ✅ Phase 8 Intelligence completed - Data utilization improved by 70.0%
2025-09-13 15:19:29,907 - pipeline_warby_parker_20250913_151232 - INFO - Completed Multi-Dimensional Intelligence in 235.6s
2025-09-13 15:19:29,907 - pipeline_warby_parker_20250913_151232 - INFO - Starting Intelligence Output
2025-09-13 15:19:29,909 - pipeline_warby_parker_20250913_151232 - INFO - Completed Intelligence Output in 0.0s
